<?xml version="1.0" encoding="UTF-8"?>
<testsuite name="io.smartdm.application.diagnostics.SecureLogAppenderTest" tests="3" skipped="0" failures="0" errors="0" timestamp="2026-07-19T17:53:19.988Z" hostname="IFAHAD2K" time="0.209">
  <properties/>
  <testcase name="shouldRedactIps()" classname="io.smartdm.application.diagnostics.SecureLogAppenderTest" time="0.193"/>
  <testcase name="shouldRedactUrls()" classname="io.smartdm.application.diagnostics.SecureLogAppenderTest" time="0.003"/>
  <testcase name="shouldRedactPaths()" classname="io.smartdm.application.diagnostics.SecureLogAppenderTest" time="0.003"/>
  <system-out><![CDATA[]]></system-out>
  <system-err><![CDATA[]]></system-err>
</testsuite>
