<?xml version="1.0" encoding="UTF-8"?>
<testsuite name="io.smartdm.persistence.SqlCipherDatabaseIntegrationTest" tests="1" skipped="0" failures="0" errors="0" timestamp="2026-07-18T09:34:00.506Z" hostname="IFAHAD2K" time="1.91">
  <properties/>
  <testcase name="shouldEncryptDatabaseAndLeakNoPlaintext(Path)" classname="io.smartdm.persistence.SqlCipherDatabaseIntegrationTest" time="1.91"/>
  <system-out><![CDATA[]]></system-out>
  <system-err><![CDATA[Jul 18, 2026 3:34:02 PM org.flywaydb.core.FlywayExecutor execute
INFO: Database: jdbc:sqlite:C:\Users\ifaha\AppData\Local\Temp\junit-16722165350328926562\test.db (SQLite 3.53)
Jul 18, 2026 3:34:02 PM org.flywaydb.core.internal.schemahistory.JdbcTableSchemaHistory allAppliedMigrations
INFO: Schema history table "main"."flyway_schema_history" does not exist yet
Jul 18, 2026 3:34:02 PM org.flywaydb.core.internal.command.DbValidate validate
INFO: Successfully validated 2 migrations (execution time 00:00.021s)
Jul 18, 2026 3:34:02 PM org.flywaydb.core.internal.schemahistory.JdbcTableSchemaHistory create
INFO: Creating Schema History table "main"."flyway_schema_history" ...
Jul 18, 2026 3:34:02 PM org.flywaydb.core.internal.command.DbMigrate migrateGroup
INFO: Current version of schema "main": << Empty Schema >>
Jul 18, 2026 3:34:02 PM org.flywaydb.core.internal.command.DbMigrate doMigrateGroup
INFO: Migrating schema "main" to version "1 - initial schema"
Jul 18, 2026 3:34:02 PM org.flywaydb.core.internal.command.DbMigrate doMigrateGroup
INFO: Migrating schema "main" to version "2 - create download tables"
Jul 18, 2026 3:34:02 PM org.flywaydb.core.internal.command.DbMigrate logSummary
INFO: Successfully applied 2 migrations to schema "main", now at version v2 (execution time 00:00.010s)
]]></system-err>
</testsuite>
