<?xml version="1.0" encoding="UTF-8"?>
<testsuite name="io.smartdm.domain.DownloadTest" tests="2" skipped="0" failures="0" errors="0" timestamp="2026-07-18T09:36:16.632Z" hostname="IFAHAD2K" time="0.033">
  <properties/>
  <testcase name="testDownloadEntityCreation()" classname="io.smartdm.domain.DownloadTest" time="0.03"/>
  <testcase name="testValueObjectValidations()" classname="io.smartdm.domain.DownloadTest" time="0.002"/>
  <system-out><![CDATA[]]></system-out>
  <system-err><![CDATA[]]></system-err>
</testsuite>
