<?xml version="1.0" encoding="UTF-8"?>
<testsuite name="io.smartdm.domain.DownloadTest" tests="2" skipped="0" failures="0" errors="0" timestamp="2026-07-20T10:54:34.245Z" hostname="IFAHAD2K" time="0.086">
  <properties/>
  <testcase name="testDownloadEntityCreation()" classname="io.smartdm.domain.DownloadTest" time="0.081"/>
  <testcase name="testValueObjectValidations()" classname="io.smartdm.domain.DownloadTest" time="0.002"/>
  <system-out><![CDATA[]]></system-out>
  <system-err><![CDATA[]]></system-err>
</testsuite>
